[    0.000000] Linux version 4.15.0-212-generic (buildd@lcy02-amd64-083) (gcc version 7.5.0 (Ubuntu 7.5.0-3ubuntu1~18.04)) #223-Ubuntu SMP Tue May 23 13:09:22 UTC 2023 (Ubuntu 4.15.0-212.223-generic 4.15.18)
[    0.000000] Command line: BOOT_IMAGE=/boot/vmlinuz-4.15.0-212-generic root=LABEL=cloudimg-rootfs ro console=tty1 console=ttyS0
[    0.000000] KERNEL supported cpus:
[    0.000000]   Intel GenuineIntel
[    0.000000]   AMD AuthenticAMD
[    0.000000]   Centaur CentaurHauls
[    0.000000] x86/fpu: Supporting XSAVE feature 0x001: 'x87 floating point registers'
[    0.000000] x86/fpu: Supporting XSAVE feature 0x002: 'SSE registers'
[    0.000000] x86/fpu: Supporting XSAVE feature 0x004: 'AVX registers'
[    0.000000] x86/fpu: xstate_offset[2]:  576, xstate_sizes[2]:  256
[    0.000000] x86/fpu: Enabled xstate features 0x7, context size is 832 bytes, using 'standard' format.
[    0.000000] e820: BIOS-provided physical RAM map:
[    0.000000] BIOS-e820: [mem 0x0000000000000000-0x000000000009fbff] usable
[    0.000000] BIOS-e820: [mem 0x000000000009fc00-0x000000000009ffff] reserved
[    0.000000] BIOS-e820: [mem 0x00000000000f0000-0x00000000000fffff] reserved
[    0.000000] BIOS-e820: [mem 0x0000000000100000-0x000000003ffeffff] usable
[    0.000000] BIOS-e820: [mem 0x000000003fff0000-0x000000003fffffff] ACPI data
[    0.000000] BIOS-e820: [mem 0x00000000fec00000-0x00000000fec00fff] reserved
[    0.000000] BIOS-e820: [mem 0x00000000fee00000-0x00000000fee00fff] reserved
[    0.000000] BIOS-e820: [mem 0x00000000fffc0000-0x00000000ffffffff] reserved
[    0.000000] NX (Execute Disable) protection: active
[    0.000000] SMBIOS 2.5 present.
[    0.000000] DMI: innotek GmbH VirtualBox/VirtualBox, BIOS VirtualBox 12/01/2006
[    0.000000] Hypervisor detected: KVM
[    0.000000] e820: last_pfn = 0x3fff0 max_arch_pfn = 0x400000000
[    0.000000] x86/PAT: Configuration [0-7]: WB  WC  UC- UC  WB  WP  UC- WT  
[    0.000000] found SMP MP-table at [mem 0x0009fbf0-0x0009fbff]
[    0.000000] Scanning 1 areas for low memory corruption
[    0.000000] RAMDISK: [mem 0x359cb000-0x36cdcfff]
[    0.000000] ACPI: Early table checksum verification disabled
[    0.000000] ACPI: RSDP 0x00000000000E0000 000024 (v02 VBOX  )
[    0.000000] ACPI: XSDT 0x000000003FFF0030 00003C (v01 VBOX   VBOXXSDT 00000001 ASL  00000061)
[    0.000000] ACPI: FACP 0x000000003FFF00F0 0000F4 (v04 VBOX   VBOXFACP 00000001 ASL  00000061)
[    0.000000] ACPI: DSDT 0x000000003FFF0610 002353 (v02 VBOX   VBOXBIOS 00000002 INTL 20100528)
[    0.000000] ACPI: FACS 0x000000003FFF0200 000040
[    0.000000] ACPI: FACS 0x000000003FFF0200 000040
[    0.000000] ACPI: APIC 0x000000003FFF0240 00005C (v02 VBOX   VBOXAPIC 00000001 ASL  00000061)
[    0.000000] ACPI: SSDT 0x000000003FFF02A0 00036C (v01 VBOX   VBOXCPUT 00000002 INTL 20100528)
[    0.000000] ACPI: Reserving FACP table memory at [mem 0x3fff00f0-0x3fff01e3]
[    0.000000] ACPI: Reserving DSDT table memory at [mem 0x3fff0610-0x3fff2962]
[    0.000000] ACPI: Reserving FACS table memory at [mem 0x3fff0200-0x3fff023f]
[    0.000000] ACPI: Reserving FACS table memory at [mem 0x3fff0200-0x3fff023f]
[    0.000000] ACPI: Reserving APIC table memory at [mem 0x3fff0240-0x3fff029b]
[    0.000000] ACPI: Reserving SSDT table memory at [mem 0x3fff02a0-0x3fff060b]
[    0.000000] No NUMA configuration found
[    0.000000] Faking a node at [mem 0x0000000000000000-0x000000003ffeffff]
[    0.000000] NODE_DATA(0) allocated [mem 0x3ffc5000-0x3ffeffff]
[    0.000000] kvm-clock: cpu 0, msr 0:3ff44001, primary cpu clock
[    0.000000] kvm-clock: Using msrs 4b564d01 and 4b564d00
[    0.000000] kvm-clock: using sched offset of 3654837323 cycles
[    0.000000] clocksource: kvm-clock: mask: 0xffffffffffffffff max_cycles: 0x1cd42e4dffb, max_idle_ns: 881590591483 ns
[    0.000000] Zone ranges:
[    0.000000]   DMA      [mem 0x0000000000001000-0x0000000000ffffff]
[    0.000000]   DMA32    [mem 0x0000000001000000-0x000000003ffeffff]
[    0.000000]   Normal   empty
[    0.000000]   Device   empty
[    0.000000] Movable zone start for each node
[    0.000000] Early memory node ranges
[    0.000000]   node   0: [mem 0x0000000000001000-0x000000000009efff]
[    0.000000]   node   0: [mem 0x0000000000100000-0x000000003ffeffff]
[    0.000000] Reserved but unavailable: 104 pages
[    0.000000] Initmem setup node 0 [mem 0x0000000000001000-0x000000003ffeffff]
[    0.000000] ACPI: PM-Timer IO Port: 0x4008
[    0.000000] IOAPIC[0]: apic_id 2, version 32, address 0xfec00000, GSI 0-23
[    0.000000] ACPI: INT_SRC_OVR (bus 0 bus_irq 0 global_irq 2 dfl dfl)
[    0.000000] ACPI: INT_SRC_OVR (bus 0 bus_irq 9 global_irq 9 low level)
[    0.000000] Using ACPI (MADT) for SMP configuration information
[    0.000000] smpboot: Allowing 2 CPUs, 0 hotplug CPUs
[    0.000000] PM: Registered nosave memory: [mem 0x00000000-0x00000fff]
[    0.000000] PM: Registered nosave memory: [mem 0x0009f000-0x0009ffff]
[    0.000000] PM: Registered nosave memory: [mem 0x000a0000-0x000effff]
[    0.000000] PM: Registered nosave memory: [mem 0x000f0000-0x000fffff]
[    0.000000] e820: [mem 0x40000000-0xfebfffff] available for PCI devices
[    0.000000] Booting paravirtualized kernel on KVM
[    0.000000] clocksource: refined-jiffies: mask: 0xffffffff max_cycles: 0xffffffff, max_idle_ns: 7645519600211568 ns
[    0.000000] setup_percpu: NR_CPUS:8192 nr_cpumask_bits:2 nr_cpu_ids:2 nr_node_ids:1
[    0.000000] percpu: Embedded 50 pages/cpu s167936 r8192 d28672 u1048576
[    0.000000] PV qspinlock hash table entries: 256 (order: 0, 4096 bytes)
[    0.000000] Built 1 zonelists, mobility grouping on.  Total pages: 257913
[    0.000000] Policy zone: DMA32
[    0.000000] Kernel command line: BOOT_IMAGE=/boot/vmlinuz-4.15.0-212-generic root=LABEL=cloudimg-rootfs ro console=tty1 console=ttyS0
[    0.000000] Memory: 982644K/1048120K available (12300K kernel code, 2477K rwdata, 4324K rodata, 2480K init, 2720K bss, 65476K reserved, 0K cma-reserved)
[    0.000000] SLUB: HWalign=64, Order=0-3, MinObjects=0, CPUs=2, Nodes=1
[    0.000000] ftrace: allocating 39508 entries in 155 pages
[    0.004000] Hierarchical RCU implementation.
[    0.004000] 	RCU restricting CPUs from NR_CPUS=8192 to nr_cpu_ids=2.
[    0.004000] 	Tasks RCU enabled.
[    0.004000] RCU: Adjusting geometry for rcu_fanout_leaf=16, nr_cpu_ids=2
[    0.004000] NR_IRQS: 524544, nr_irqs: 440, preallocated irqs: 16
[    0.004000] random: crng init done
[    0.004000] Console: colour VGA+ 80x25
[    0.004000] console [tty1] enabled
[    0.004000] console [ttyS0] enabled
[    0.004000] ACPI: Core revision 20170831
[    0.004000] ACPI: 2 ACPI AML tables successfully acquired and loaded
[    0.004000] APIC: Switch to symmetric I/O mode setup
[    0.004000] x2apic enabled
[    0.004000] Switched APIC routing to physical x2apic.
[    0.004000] ..TIMER: vector=0x30 apic1=0 pin1=2 apic2=-1 pin2=-1
[    0.004000] tsc: Detected 2208.000 MHz processor
[    0.004007] Calibrating delay loop (skipped) preset value.. 4416.00 BogoMIPS (lpj=8832000)
[    0.005150] pid_max: default: 32768 minimum: 301
[    0.005855] Security Framework initialized
[    0.006400] Yama: becoming mindful.
[    0.006944] AppArmor: AppArmor initialized
[    0.012004] Dentry cache hash table entries: 131072 (order: 8, 1048576 bytes)
[    0.016051] Inode-cache hash table entries: 65536 (order: 7, 524288 bytes)
[    0.020009] Mount-cache hash table entries: 2048 (order: 2, 16384 bytes)
[    0.020947] Mountpoint-cache hash table entries: 2048 (order: 2, 16384 bytes)
[    0.022134] Last level iTLB entries: 4KB 64, 2MB 8, 4MB 8
[    0.022917] Last level dTLB entries: 4KB 64, 2MB 0, 4MB 0, 1GB 4
[    0.023755] Spectre V1 : Mitigation: usercopy/swapgs barriers and __user pointer sanitization
[    0.024002] Spectre V2 : Mitigation: Retpolines
[    0.024654] Spectre V2 : Spectre v2 / SpectreRSB mitigation: Filling RSB on context switch
[    0.025815] Spectre V2 : Spectre v2 / SpectreRSB : Filling RSB on VMEXIT
[    0.026755] RETBleed: WARNING: Spectre v2 mitigation leaves CPU vulnerable to RETBleed attacks, data leaks possible!
[    0.028001] RETBleed: Vulnerable
[    0.028481] Speculative Store Bypass: Vulnerable
[    0.029204] MMIO Stale Data: Vulnerable: Clear CPU buffers attempted, no microcode
[    0.030290] SRBDS: Unknown: Dependent on hypervisor status
[    0.032138] Freeing SMP alternatives memory: 36K
[    0.141209] APIC calibration not consistent with PM-Timer: 98ms instead of 100ms
[    0.142425] APIC delta adjusted to PM-Timer: 6232573 (6159949)
[    0.144052] smpboot: CPU0: Intel(R) Core(TM) i7-10870H CPU @ 2.20GHz (family: 0x6, model: 0xa5, stepping: 0x2)
[    0.145513] Performance Events: unsupported p6 CPU model 165 no PMU driver, software events only.
[    0.146723] Hierarchical SRCU implementation.
[    0.147749] NMI watchdog: Perf event create on CPU 0 failed with -2
[    0.148002] NMI watchdog: Perf NMI watchdog permanently disabled
[    0.148831] smp: Bringing up secondary CPUs ...
[    0.149497] x86: Booting SMP configuration:
[    0.150164] .... node  #0, CPUs:      #1
[    0.004000] kvm-clock: cpu 1, msr 0:3ff44041, secondary cpu clock
[    0.154043] smp: Brought up 1 node, 2 CPUs
[    0.154043] smpboot: Max logical packages: 1
[    0.154043] smpboot: Total of 2 processors activated (8832.00 BogoMIPS)
[    0.156309] devtmpfs: initialized
[    0.156510] x86/mm: Memory block size: 128MB
[    0.157169] evm: security.selinux
[    0.157628] evm: security.SMACK64
[    0.158081] evm: security.SMACK64EXEC
[    0.158570] evm: security.SMACK64TRANSMUTE
[    0.159150] evm: security.SMACK64MMAP
[    0.160002] evm: security.apparmor
[    0.160532] evm: security.ima
[    0.161283] evm: security.capability
[    0.161792] clocksource: jiffies: mask: 0xffffffff max_cycles: 0xffffffff, max_idle_ns: 7645041785100000 ns
[    0.161792] futex hash table entries: 512 (order: 3, 32768 bytes)
[    0.164028] pinctrl core: initialized pinctrl subsystem
[    0.168071] RTC time:  4:54:58, date: 02/22/25
[    0.172100] NET: Registered protocol family 16
[    0.172799] audit: initializing netlink subsys (disabled)
[    0.173589] audit: type=2000 audit(1740200103.828:1): state=initialized audit_enabled=0 res=1
[    0.173589] cpuidle: using governor ladder
[    0.173589] cpuidle: using governor menu
[    0.176026] ACPI: bus type PCI registered
[    0.176636] acpiphp: ACPI Hot Plug PCI Controller Driver version: 0.5
[    0.177601] PCI: Using configuration type 1 for base access
[    0.178446] HugeTLB registered 2.00 MiB page size, pre-allocated 0 pages
[    0.180045] ACPI: Added _OSI(Module Device)
[    0.180664] ACPI: Added _OSI(Processor Device)
[    0.181303] ACPI: Added _OSI(3.0 _SCP Extensions)
[    0.181993] ACPI: Added _OSI(Processor Aggregator Device)
[    0.182743] ACPI: Added _OSI(Linux-Dell-Video)
[    0.183378] ACPI: Added _OSI(Linux-Lenovo-NV-HDMI-Audio)
[    0.184003] ACPI: Added _OSI(Linux-HPI-Hybrid-Graphics)
[    0.184976] ACPI: Executed 1 blocks of module-level executable AML code
[    0.188959] ACPI: Interpreter enabled
[    0.189509] ACPI: (supports S0 S5)
[    0.190010] ACPI: Using IOAPIC for interrupt routing
[    0.190892] PCI: Using host bridge windows from ACPI; if necessary, use "pci=nocrs" and report a bug
[    0.192132] ACPI: Enabled 2 GPEs in block 00 to 07
[    0.197545] ACPI: PCI Root Bridge [PCI0] (domain 0000 [bus 00-ff])
[    0.198407] acpi PNP0A03:00: _OSC: OS supports [ASPM ClockPM Segments MSI]
[    0.200219] acpi PNP0A03:00: _OSC: not requesting OS control; OS requires [ExtendedConfig ASPM ClockPM MSI]
[    0.201616] acpi PNP0A03:00: fail to add MMCONFIG information, can't access extended PCI configuration space under this bridge.
[    0.203525] PCI host bridge to bus 0000:00
[    0.204003] pci_bus 0000:00: root bus resource [io  0x0000-0x0cf7 window]
[    0.205366] pci_bus 0000:00: root bus resource [io  0x0d00-0xffff window]
[    0.206325] pci_bus 0000:00: root bus resource [mem 0x000a0000-0x000bffff window]
[    0.207384] pci_bus 0000:00: root bus resource [mem 0x40000000-0xfdffffff window]
[    0.208002] pci_bus 0000:00: root bus resource [bus 00-ff]
[    0.210236] pci 0000:00:01.1: legacy IDE quirk: reg 0x10: [io  0x01f0-0x01f7]
[    0.211189] pci 0000:00:01.1: legacy IDE quirk: reg 0x14: [io  0x03f6]
[    0.212002] pci 0000:00:01.1: legacy IDE quirk: reg 0x18: [io  0x0170-0x0177]
[    0.213035] pci 0000:00:01.1: legacy IDE quirk: reg 0x1c: [io  0x0376]
[    0.224056] pci 0000:00:07.0: quirk: [io  0x4000-0x403f] claimed by PIIX4 ACPI
[    0.225064] pci 0000:00:07.0: quirk: [io  0x4100-0x410f] claimed by PIIX4 SMB
[    0.231619] ACPI: PCI Interrupt Link [LNKA] (IRQs 5 9 10 *11)
[    0.232222] ACPI: PCI Interrupt Link [LNKB] (IRQs 5 9 *10 11)
[    0.233137] ACPI: PCI Interrupt Link [LNKC] (IRQs 5 *9 10 11)
[    0.234046] ACPI: PCI Interrupt Link [LNKD] (IRQs 5 9 10 *11)
[    0.235108] SCSI subsystem initialized
[    0.236027] pci 0000:00:02.0: vgaarb: setting as boot VGA device
[    0.236834] pci 0000:00:02.0: vgaarb: VGA device added: decodes=io+mem,owns=io+mem,locks=none
[    0.237967] pci 0000:00:02.0: vgaarb: bridge control possible
[    0.238758] vgaarb: loaded
[    0.239162] ACPI: bus type USB registered
[    0.240018] usbcore: registered new interface driver usbfs
[    0.240792] usbcore: registered new interface driver hub
[    0.241472] usbcore: registered new device driver usb
[    0.242215] EDAC MC: Ver: 3.0.0
[    0.242215] PCI: Using ACPI for IRQ routing
[    0.242215] NetLabel: Initializing
[    0.244002] NetLabel:  domain hash size = 128
[    0.244635] NetLabel:  protocols = UNLABELED CIPSOv4 CALIPSO
[    0.245437] NetLabel:  unlabeled traffic allowed by default
[    0.246204] clocksource: Switched to clocksource kvm-clock
[    0.280502] VFS: Disk quotas dquot_6.6.0
[    0.281112] VFS: Dquot-cache hash table entries: 512 (order 0, 4096 bytes)
[    0.282124] AppArmor: AppArmor Filesystem Enabled
[    0.282836] pnp: PnP ACPI init
[    0.284121] pnp: PnP ACPI: found 3 devices
[    0.292606] clocksource: acpi_pm: mask: 0xffffff max_cycles: 0xffffff, max_idle_ns: 2085701024 ns
[    0.293892] NET: Registered protocol family 2
[    0.294815] IP idents hash table entries: 16384 (order: 5, 131072 bytes)
[    0.304849] TCP established hash table entries: 8192 (order: 4, 65536 bytes)
[    0.305848] TCP bind hash table entries: 8192 (order: 5, 131072 bytes)
[    0.306763] TCP: Hash tables configured (established 8192 bind 8192)
[    0.307668] UDP hash table entries: 512 (order: 2, 16384 bytes)
[    0.308517] UDP-Lite hash table entries: 512 (order: 2, 16384 bytes)
[    0.309409] NET: Registered protocol family 1
[    0.310047] pci 0000:00:00.0: Limiting direct PCI/PCI transfers
[    0.310900] pci 0000:00:01.0: Activating ISA DMA hang workarounds
[    0.311790] pci 0000:00:02.0: Video device with shadowed ROM at [mem 0x000c0000-0x000dffff]
[    0.313049] Unpacking initramfs...
[    0.757257] Freeing initrd memory: 19528K
[    0.757979] clocksource: tsc: mask: 0xffffffffffffffff max_cycles: 0x1fd3b81b95f, max_idle_ns: 440795257325 ns
[    0.759420] platform rtc_cmos: registered platform RTC device (no PNP device found)
[    0.760549] Scanning for low memory corruption every 60 seconds
[    0.762021] Initialise system trusted keyrings
[    0.762646] Key type blacklist registered
[    0.763350] workingset: timestamp_bits=36 max_order=18 bucket_order=0
[    0.764952] zbud: loaded
[    0.765794] squashfs: version 4.0 (2009/01/31) Phillip Lougher
[    0.766736] fuse init (API version 7.26)
[    0.769453] Key type asymmetric registered
[    0.770044] Asymmetric key parser 'x509' registered
[    0.770759] Block layer SCSI generic (bsg) driver version 0.4 loaded (major 246)
[    0.771886] io scheduler noop registered
[    0.772524] io scheduler deadline registered
[    0.773176] io scheduler cfq registered (default)
[    0.774079] ACPI: AC Adapter [AC] (on-line)
[    0.774696] input: Power Button as /devices/LNXSYSTM:00/LNXPWRBN:00/input/input0
[    0.775790] ACPI: Power Button [PWRF]
[    0.776446] input: Sleep Button as /devices/LNXSYSTM:00/LNXSLPBN:00/input/input1
[    0.777451] ACPI: Sleep Button [SLPF]
[    0.778792] ACPI: Battery Slot [BAT0] (battery present)
[    0.779676] Serial: 8250/16550 driver, 32 ports, IRQ sharing enabled
[    0.801232] 00:02: ttyS0 at I/O 0x3f8 (irq = 4, base_baud = 115200) is a 16550A
[    0.805843] Linux agpgart interface v0.103
[    0.817353] loop: module loaded
[    0.818210] scsi host0: ata_piix
[    0.818788] scsi host1: ata_piix
[    0.819306] ata1: PATA max UDMA/33 cmd 0x1f0 ctl 0x3f6 bmdma 0xd000 irq 14
[    0.820387] ata2: PATA max UDMA/33 cmd 0x170 ctl 0x376 bmdma 0xd008 irq 15
[    0.821425] tun: Universal TUN/TAP device driver, 1.6
[    0.822414] PPP generic driver version 2.4.2
[    0.823093] ehci_hcd: USB 2.0 'Enhanced' Host Controller (EHCI) Driver
[    0.824009] ehci-pci: EHCI PCI platform driver
[    0.824693] ehci-platform: EHCI generic platform driver
[    0.825441] ohci_hcd: USB 1.1 'Open' Host Controller (OHCI) Driver
[    0.826314] ohci-pci: OHCI PCI platform driver
[    0.826967] ohci-platform: OHCI generic platform driver
[    0.827719] uhci_hcd: USB Universal Host Controller Interface driver
[    0.828680] i8042: PNP: PS/2 Controller [PNP0303:PS2K,PNP0f03:PS2M] at 0x60,0x64 irq 1,12
[    0.830248] serio: i8042 KBD port at 0x60,0x64 irq 1
[    0.830979] serio: i8042 AUX port at 0x60,0x64 irq 12
[    0.831896] mousedev: PS/2 mouse device common for all mice
[    0.833163] input: AT Translated Set 2 keyboard as /devices/platform/i8042/serio0/input/input2
[    0.834406] rtc_cmos rtc_cmos: rtc core: registered rtc_cmos as rtc0
[    0.835434] rtc_cmos rtc_cmos: alarms up to one day, 114 bytes nvram
[    0.836349] i2c /dev entries driver
[    0.836897] device-mapper: uevent: version 1.0.3
[    0.837615] device-mapper: ioctl: 4.37.0-ioctl (2017-09-20) initialised: dm-devel@redhat.com
[    0.838830] ledtrig-cpu: registered to indicate activity on CPUs
[    0.839899] NET: Registered protocol family 10
[    0.843078] Segment Routing with IPv6
[    0.843641] NET: Registered protocol family 17
[    0.844335] Key type dns_resolver registered
[    0.845197] mce: Using 0 MCE banks
[    0.845724] RAS: Correctable Errors collector initialized.
[    0.846525] sched_clock: Marking stable (845175701, 0)->(987325354, -142149653)
[    0.848003] registered taskstats version 1
[    0.848607] Loading compiled-in X.509 certificates
[    0.850905] Loaded X.509 cert 'Build time autogenerated kernel key: b5b26778eaa3ab3a4a6cee031137706e947d12ad'
[    0.852693] Loaded X.509 cert 'Canonical Ltd. Live Patch Signing: 14df34d1a87cf37625abec039ef2bf521249b969'
[    0.854409] Loaded X.509 cert 'Canonical Ltd. Kernel Module Signing: 88f752e560a1e0737e31163a466ad7b70a850c19'
[    0.855708] blacklist: Loading compiled-in revocation X.509 certificates
[    0.856679] Loaded X.509 cert 'Canonical Ltd. Secure Boot Signing: 61482aa2830d0ab2ad5af10b7250da9033ddcef0'
[    0.857963] Loaded X.509 cert 'Canonical Ltd. Secure Boot Signing (2017): 242ade75ac4a15e50d50c84b0d45ff3eae707a03'
[    0.859406] Loaded X.509 cert 'Canonical Ltd. Secure Boot Signing (ESM 2018): 365188c1d374d6b07c3c8f240f8ef722433d6a8b'
[    0.860861] Loaded X.509 cert 'Canonical Ltd. Secure Boot Signing (2019): c0746fd6c5da3ae827864651ad66ae47fe24b3e8'
[    0.862186] Loaded X.509 cert 'Canonical Ltd. Secure Boot Signing (2021 v1): a8d54bbb3825cfb94fa13c9f8a594a195c107b8d'
[    0.863760] Loaded X.509 cert 'Canonical Ltd. Secure Boot Signing (2021 v2): 4cf046892d6fd3c9a5b03f98d845f90851dc6a8c'
[    0.865147] Loaded X.509 cert 'Canonical Ltd. Secure Boot Signing (2021 v3): 100437bb6de6e469b581e61cd66bce3ef4ed53af'
[    0.866590] Loaded X.509 cert 'Canonical Ltd. Secure Boot Signing (Ubuntu Core 2019): c1d57b8f6b743f23ee41f4f7ee292f06eecadfb9'
[    0.868037] zswap: loaded using pool lzo/zbud
[    0.871716] Key type big_key registered
[    0.872276] Key type trusted registered
[    0.874283] Key type encrypted registered
[    0.874892] AppArmor: AppArmor sha1 policy hashing enabled
[    0.875651] ima: No TPM chip found, activating TPM-bypass! (rc=-19)
[    0.876492] ima: Allocated hash algorithm: sha1
[    0.877080] evm: HMAC attrs: 0x1
[    0.877753]   Magic number: 13:939:919
[    0.878309] rtc_cmos rtc_cmos: setting system clock to 2025-02-22 04:54:59 UTC (1740200099)
[    0.879536] BIOS EDD facility v0.16 2004-Jun-25, 0 devices found
[    0.880335] EDD information not available.
[    1.006612] Freeing unused kernel image memory: 2480K
[    1.156338] Write protecting the kernel read-only data: 20480k
[    1.159685] Freeing unused kernel image memory: 2008K
[    1.160697] Freeing unused kernel image memory: 1820K
[    1.167168] x86/mm: Checked W+X mappings: passed, no W+X pages found.
Loading, please wait...
starting version 237
[    1.216793] e1000: Intel(R) PRO/1000 Network Driver - version 7.3.21-k8-NAPI
[    1.217799] e1000: Copyright (c) 1999-2006 Intel Corporation.
[    1.218789] Fusion MPT base driver 3.04.20
[    1.219430] Copyright (c) 1999-2008 LSI Corporation
[    1.231638] Fusion MPT SPI Host driver 3.04.20
[    1.233797] AVX2 version of gcm_enc/dec engaged.
[    1.234413] AES CTR mode by8 optimization enabled
[    1.430477] input: ImExPS/2 Generic Explorer Mouse as /devices/platform/i8042/serio1/input/input4
[    1.761179] e1000 0000:00:03.0 eth0: (PCI:33MHz:32-bit) 02:3b:7b:b7:3b:2d
[    1.762303] e1000 0000:00:03.0 eth0: Intel(R) PRO/1000 Network Connection
[    2.226563] e1000 0000:00:08.0 eth1: (PCI:33MHz:32-bit) 08:00:27:d7:ad:90
[    2.227893] e1000 0000:00:08.0 eth1: Intel(R) PRO/1000 Network Connection
[    2.229866] e1000 0000:00:03.0 enp0s3: renamed from eth0
[    2.236178] mptbase: ioc0: Initiating bringup
[    2.300488] e1000 0000:00:08.0 enp0s8: renamed from eth1
[    2.483742] ioc0: LSI53C1030 A0: Capabilities={Initiator}
[    4.669444] scsi host2: ioc0: LSI53C1030 A0, FwRev=00000000h, Ports=1, MaxQ=256, IRQ=20
[    6.288177] scsi 2:0:0:0: Direct-Access     VBOX     HARDDISK         1.0  PQ: 0 ANSI: 5
[    6.320888] scsi target2:0:0: Beginning Domain Validation
[    6.324201] scsi target2:0:0: Domain Validation skipping write tests
[    6.325248] scsi target2:0:0: Ending Domain Validation
[    6.326035] scsi target2:0:0: asynchronous
[    6.327059] scsi 2:0:1:0: Direct-Access     VBOX     HARDDISK         1.0  PQ: 0 ANSI: 5
[    6.356290] scsi target2:0:1: Beginning Domain Validation
[    6.359481] scsi target2:0:1: Domain Validation skipping write tests
[    6.360349] scsi target2:0:1: Ending Domain Validation
[    6.361052] scsi target2:0:1: asynchronous
[    6.364517] sd 2:0:0:0: Attached scsi generic sg0 type 0
[    6.365360] sd 2:0:0:0: [sda] 83886080 512-byte logical blocks: (42.9 GB/40.0 GiB)
[    6.366504] sd 2:0:0:0: [sda] Write Protect is off
[    6.367213] sd 2:0:1:0: Attached scsi generic sg1 type 0
[    6.367998] sd 2:0:1:0: [sdb] 20480 512-byte logical blocks: (10.5 MB/10.0 MiB)
[    6.369068] sd 2:0:0:0: [sda] Incomplete mode parameter data
[    6.369804] sd 2:0:0:0: [sda] Assuming drive cache: write through
[    6.370579] sd 2:0:1:0: [sdb] Write Protect is off
[    6.371385] sd 2:0:1:0: [sdb] Incomplete mode parameter data
[    6.372214] sd 2:0:1:0: [sdb] Assuming drive cache: write through
[    6.374129]  sda: sda1
[    6.375429] sd 2:0:0:0: [sda] Attached SCSI disk
[    6.376274] sd 2:0:1:0: [sdb] Attached SCSI disk
Begin: Loading essential drivers ... [    7.708069] raid6: sse2x1   gen() 14323 MB/s
[    7.756043] raid6: sse2x1   xor()  8519 MB/s
[    7.804028] raid6: sse2x2   gen() 17647 MB/s
[    7.852094] raid6: sse2x2   xor() 11493 MB/s
[    7.900096] raid6: sse2x4   gen() 18500 MB/s
[    7.948087] raid6: sse2x4   xor() 11226 MB/s
[    7.996268] raid6: avx2x1   gen() 29426 MB/s
[    8.044114] raid6: avx2x1   xor() 16613 MB/s
[    8.092018] raid6: avx2x2   gen() 29221 MB/s
[    8.140142] raid6: avx2x2   xor() 20369 MB/s
[    8.188053] raid6: avx2x4   gen() 34766 MB/s
[    8.236029] raid6: avx2x4   xor() 18722 MB/s
[    8.236824] raid6: using algorithm avx2x4 gen() 34766 MB/s
[    8.237688] raid6: .... xor() 18722 MB/s, rmw enabled
[    8.238414] raid6: using avx2x2 recovery algorithm
[    8.239865] xor: automatically using best checksumming function   avx       
[    8.241539] async_tx: api initialized (async)
done.
Begin: Running /scripts/init-premount ... done.
Begin: Mounting root file system ... Begin: Running /scripts/local-top ... done.
Begin: Running /scripts/local-premount ... [    8.272240] Btrfs loaded, crc32c=crc32c-intel
Scanning for Btrfs filesystems
done.
Warning: fsck not present, so skipping root file system
[    8.295194] EXT4-fs (sda1): mounted filesystem with ordered data mode. Opts: (null)
done.
Begin: Running /scripts/local-bottom ... done.
Begin: Running /scripts/init-bottom ... done.
[    8.424696] ip_tables: (C) 2000-2006 Netfilter Core Team
[    8.430522] systemd[1]: systemd 237 running in system mode. (+PAM +AUDIT +SELINUX +IMA +APPARMOR +SMACK +SYSVINIT +UTMP +LIBCRYPTSETUP +GCRYPT +GNUTLS +ACL +XZ +LZ4 +SECCOMP +BLKID +ELFUTILS +KMOD -IDN2 +IDN -PCRE2 default-hierarchy=hybrid)
[    8.433347] systemd[1]: Detected virtualization oracle.
[    8.434087] systemd[1]: Detected architecture x86-64.

Welcome to [1mUbuntu 18.04.6 LTS[0m!

[    8.438443] systemd[1]: Set hostname to <web03>.
[    8.670002] systemd[1]: Created slice User and Session Slice.
[[0;32m  OK  [0m] Created slice User and Session Slice.
[    8.671675] systemd[1]: Created slice System Slice.
[[0;32m  OK  [0m] Created slice System Slice.
[    8.672969] systemd[1]: Listening on fsck to fsckd communication Socket.
[[0;32m  OK  [0m] Listening on fsck to fsckd communication Socket.
[    8.674650] systemd[1]: Listening on udev Kernel Socket.
[[0;32m  OK  [0m] Listening on udev Kernel Socket.
[    8.675935] systemd[1]: Listening on /dev/initctl Compatibility Named Pipe.
[[0;32m  OK  [0m] Listening on /dev/initctl Compatibility Named Pipe.
[    8.677700] systemd[1]: Listening on Device-mapper event daemon FIFOs.
[[0;32m  OK  [0m] Listening on Device-mapper event daemon FIFOs.
[[0;32m  OK  [0m] Listening on LVM2 metadata daemon socket.
[[0;32m  OK  [0m] Created slice system-serial\x2dgetty.slice.
[[0;32m  OK  [0m] Set up automount Arbitrary Executab…rmats File System Automount Point.
[[0;32m  OK  [0m] Listening on Journal Socket (/dev/log).
[[0;32m  OK  [0m] Started Forward Password Requests to Wall Directory Watch.
[[0;32m  OK  [0m] Listening on Journal Socket.
         Starting Monitoring of LVM2 mirrors…ng dmeventd or progress polling...
         Mounting POSIX Message Queue File System...
         Starting Set the console keyboard layout...
[[0;32m  OK  [0m] Reached target Slices.
[[0;32m  OK  [0m] Listening on LVM2 poll daemon socket.
[[0;32m  OK  [0m] Listening on udev Control Socket.
         Starting Create list of required st…ce nodes for the current kernel...
         Starting File System Check on Root Device...
[[0;32m  OK  [0m] Reached target Mounting snaps.
[[0;32m  OK  [0m] Listening on Journal Audit Socket.
[[0;32m  OK  [0m] Reached target Mounted snaps.
[[0;32m  OK  [0m] Reached target System Time Synchronized.
[[0;32m  OK  [0m] Listening on Syslog Socket.
         Starting Uncomplicated firewall...
[[0;32m  OK  [0m] Listening on Network Service Netlink Socket.
         Mounting Kernel Debug File System...
         Mounting Huge Pages File System...
[[0;32m  OK  [0m] Reached target Swap.
[[0;32m  OK  [0m] Reached target User and Group Name Lookups.
         Starting udev Coldplug all Devices...
         Starting Load Kernel Modules...
[    8.764375] Loading iSCSI transport class v2.0-870.
[    8.769057] iscsi: registered transport (tcp)
         Starting Journal Service...
[[0;32m  OK  [0m] Mounted POSIX Message Queue File System.
[[0;32m  OK  [0m] Started Create list of required sta…vice nodes for the current kernel.
[[0;32m  OK  [0m] Started Uncomplicated firewall.
[[0;32m  OK  [0m] Mounted Kernel Debug File System.
[[0;32m  OK  [0m] Mounted Huge Pages File System.
[[0;32m  OK  [0m] Started File System Check Daemon to report status.
[[0;32m  OK  [0m] Started LVM2 metadata daemon.
         Starting Create Static Device Nodes in /dev...
[[0;32m  OK  [0m] Started File System Check on Root Device.
         Starting Remount Root and Kernel File Systems...
[    8.810193] iscsi: registered transport (iser)
[[0;32m  OK  [0m] Started Load Kernel Modules.
         Mounting Kernel Configuration File System...
         Starting Apply Kernel Variables...
         Mounting FUSE Control File System...
[[0;32m  OK  [0m] Mounted FUSE Control File System.
[[0;32m  OK  [0m] Mounted Kernel Configuration File System.
[[0;32m  OK  [0m] Started udev Coldplug all Devices.
[[0;32m  OK  [0m] Started Journal Service.
[[0;32m  OK  [0m] Started Create Static Device Nodes in /dev.
[[0;32m  OK  [0m] Started Remount Root and Kernel File Systems.
         Starting Flush Journal to Persistent Storage...
         Starting Load/Save Random Seed...
         Starting udev Kernel Device Manager...
[[0;32m  OK  [0m] Started Monitoring of LVM2 mirrors,…sing dmeventd or progress polling.
[[0;32m  OK  [0m] Started Apply Kernel Variables.
[[0;32m  OK  [0m] Started Load/Save Random Seed.
[[0;32m  OK  [0m] Started Set the console keyboard layout.
[[0;32m  OK  [0m] Reached target Local File Systems (Pre).
[[0;32m  OK  [0m] Reached target Local File Systems.
         Starting ebtables ruleset management...
         Starting Tell Plymouth To Write Out Runtime Data...
         Starting AppArmor initialization...
         Starting Set console font and keymap...
[[0;32m  OK  [0m] Started udev Kernel Device Manager.
[[0;32m  OK  [0m] Started Dispatch Password Requests to Console Directory Watch.
[[0;32m  OK  [0m] Reached target Local Encrypted Volumes.
[[0;32m  OK  [0m] Started Tell Plymouth To Write Out Runtime Data.
[[0;32m  OK  [0m] Started Set console font and keymap.
[[0;32m  OK  [0m] Started Flush Journal to Persistent Storage.
         Starting Create Volatile Files and Directories...
[[0;32m  OK  [0m] Started Create Volatile Files and Directories.
         Starting Update UTMP about System Boot/Shutdown...
[[0;32m  OK  [0m] Started Update UTMP about System Boot/Shutdown.
[[0;32m  OK  [0m] Started ebtables ruleset management.
[[0;32m  OK  [0m] Found device /dev/ttyS0.
[[0;32m  OK  [0m] Started AppArmor initialization.
         Starting Initial cloud-init job (pre-networking)...
         Starting Load AppArmor profiles managed internally by snapd...
         Mounting Arbitrary Executable File Formats File System...
[[0;32m  OK  [0m] Listening on Load/Save RF Kill Switch Status /dev/rfkill Watch.
[[0;32m  OK  [0m] Mounted Arbitrary Executable File Formats File System.
[[0;32m  OK  [0m] Started Load AppArmor profiles managed internally by snapd.
[   10.450826] cloud-init[565]: Cloud-init v. 23.1.2-0ubuntu0~18.04.1 running 'init-local' at Sat, 22 Feb 2025 04:55:08 +0000. Up 10.30 seconds.
[[0;32m  OK  [0m] Started Initial cloud-init job (pre-networking).
[[0;32m  OK  [0m] Reached target Network (Pre).
         Starting Network Service...
[[0;32m  OK  [0m] Started Network Service.
         Starting Network Name Resolution...
         Starting Wait for Network to be Configured...
[[0;32m  OK  [0m] Started Network Name Resolution.
[[0;32m  OK  [0m] Reached target Network.
[[0;32m  OK  [0m] Reached target Host and Network Name Lookups.
[[0;32m  OK  [0m] Started Wait for Network to be Configured.
         Starting Initial cloud-init job (metadata service crawler)...
[   12.678138] cloud-init[680]: Cloud-init v. 23.1.2-0ubuntu0~18.04.1 running 'init' at Sat, 22 Feb 2025 04:55:11 +0000. Up 12.57 seconds.
[   12.679596] cloud-init[680]: ci-info: ++++++++++++++++++++++++++++++++++++++Net device info+++++++++++++++++++++++++++++++++++++++
[   12.680771] cloud-init[680]: ci-info: +--------+------+-----------------------------+---------------+--------+-------------------+
[   12.682021] cloud-init[680]: ci-info: | Device |  Up  |           Address           |      Mask     | Scope  |     Hw-Address    |
[   12.697363] cloud-init[680]: ci-info: +--------+------+-----------------------------+---------------+--------+-------------------+
[   12.698626] cloud-init[680]: ci-info: | enp0s3 | True |          10.0.2.15          | 255.255.255.0 | global | 02:3b:7b:b7:3b:2d |
[   12.700092] cloud-init[680]: ci-info: | enp0s3 | True |  fd00::3b:7bff:feb7:3b2d/64 |       .       | global | 02:3b:7b:b7:3b:2d |
[   12.701431] cloud-init[680]: ci-info: | enp0s3 | True |  fe80::3b:7bff:feb7:3b2d/64 |       .       |  link  | 02:3b:7b:b7:3b:2d |
[   12.702705] cloud-init[680]: ci-info: | enp0s8 | True |        192.168.10.15        | 255.255.255.0 | global | 08:00:27:d7:ad:90 |
[   12.704070] cloud-init[680]: ci-info: | enp0s8 | True | fe80::a00:27ff:fed7:ad90/64 |       .       |  link  | 08:00:27:d7:ad:90 |
[   12.705375] cloud-init[680]: ci-info: |   lo   | True |          127.0.0.1          |   255.0.0.0   |  host  |         .         |
[   12.706640] cloud-init[680]: ci-info: |   lo   | True |           ::1/128           |       .       |  host  |         .         |
[   12.708051] cloud-init[680]: ci-info: +--------+------+-----------------------------+---------------+--------+-------------------+
[   12.709301] cloud-init[680]: ci-info: +++++++++++++++++++++++++++++Route IPv4 info+++++++++++++++++++++++++++++
[   12.724299] cloud-init[680]: ci-info: +-------+--------------+----------+-----------------+-----------+-------+
[   12.736397] cloud-init[680]: ci-info: | Route | Destination  | Gateway  |     Genmask     | Interface | Flags |
[   12.737431] cloud-init[680]: ci-info: +-------+--------------+----------+-----------------+-----------+-------+
[   12.738371] cloud-init[680]: ci-info: |   0   |   0.0.0.0    | 10.0.2.2 |     0.0.0.0     |   enp0s3  |   UG  |
[   12.739328] cloud-init[680]: ci-info: |   1   |   10.0.2.0   | 0.0.0.0  |  255.255.255.0  |   enp0s3  |   U   |
[   12.740351] cloud-init[680]: ci-info: |   2   |   10.0.2.2   | 0.0.0.0  | 255.255.255.255 |   enp0s3  |   UH  |
[   12.741360] cloud-init[680]: ci-info: |   3   | 192.168.10.0 | 0.0.0.0  |  255.255.255.0  |   enp0s8  |   U   |
[   12.752369] cloud-init[680]: ci-info: +-------+--------------+----------+-----------------+-----------+-------+
[   12.753313] cloud-init[680]: ci-info: +++++++++++++++++++Route IPv6 info+++++++++++++++++++
[   12.754184] cloud-init[680]: ci-info: +-------+-------------+---------+-----------+-------+
[   12.755152] cloud-init[680]: ci-info: | Route | Destination | Gateway | Interface | Flags |
[   12.756189] cloud-init[680]: ci-info: +-------+-------------+---------+-----------+-------+
[   12.757327] cloud-init[680]: ci-info: |   1   |  fd00::/64  |    ::   |   enp0s3  |   U   |
[   12.758696] cloud-init[680]: ci-info: |   2   |  fe80::/64  |    ::   |   enp0s3  |   U   |
[   12.759807] cloud-init[680]: ci-info: |   3   |  fe80::/64  |    ::   |   enp0s8  |   U   |
[   12.760931] cloud-init[680]: ci-info: |   4   |     ::/0    | fe80::2 |   enp0s3  |   UG  |
[   12.762032] cloud-init[680]: ci-info: |   6   |    local    |    ::   |   enp0s3  |   U   |
[   12.763040] cloud-init[680]: ci-info: |   7   |    local    |    ::   |   enp0s8  |   U   |
[   12.764181] cloud-init[680]: ci-info: |   8   |   ff00::/8  |    ::   |   enp0s3  |   U   |
[   12.765288] cloud-init[680]: ci-info: |   9   |   ff00::/8  |    ::   |   enp0s8  |   U   |
[   12.766395] cloud-init[680]: ci-info: +-------+-------------+---------+-----------+-------+
[[0;32m  OK  [0m] Started Initial cloud-init job (metadata service crawler).
[[0;32m  OK  [0m] Reached target Network is Online.
         Starting Availability of block devices...
[[0;32m  OK  [0m] Reached target Remote File Systems (Pre).
         Mounting /vagrant...
[[0;32m  OK  [0m] Reached target System Initialization.
[[0;32m  OK  [0m] Listening on UUID daemon activation socket.
[[0;32m  OK  [0m] Listening on ACPID Listen Socket.
         Starting Socket activation for snappy daemon.
[[0;32m  OK  [0m] Started Discard unused blocks once a week.
[[0;32m  OK  [0m] Started Message of the Day.
[[0;32m  OK  [0m] Started Daily apt download activities.
[[0;32m  OK  [0m] Listening on D-Bus System Message Bus Socket.
[[0;32m  OK  [0m] Started ACPI Events Check.
[[0;32m  OK  [0m] Started Daily apt upgrade and clean activities.
[[0;32m  OK  [0m] Listening on Open-iSCSI iscsid Socket.
[[0;32m  OK  [0m] Listening on cloud-init hotplug hook socket.
[[0;32m  OK  [0m] Reached target Paths.
         Starting LXD - unix socket.
[[0;32m  OK  [0m] Started Daily Cleanup of Temporary Directories.
[[0;32m  OK  [0m] Started Ubuntu Advantage Timer for running repeated jobs.
[[0;32m  OK  [0m] Reached target Timers.
[[0;32m  OK  [0m] Reached target Cloud-config availability.
[[0;32m  OK  [0m] Listening on Socket activation for snappy daemon.
[[0;32m  OK  [0m] Listening on LXD - unix socket.
[[0;32m  OK  [0m] Reached target Sockets.
[[0;32m  OK  [0m] Reached target Basic System.
[[0;32m  OK  [0m] Started Regular background program processing daemon.
[[0;32m  OK  [0m] Started irqbalance daemon.
         Starting Dispatcher daemon for systemd-networkd...
         Starting LXD - container startup/shutdown...
[[0;32m  OK  [0m] Started Deferred execution scheduler.
         Starting Login Service...
[[0;32m  OK  [0m] Reached target Login Prompts (Pre).
         Starting Message of the Day...
         Starting System Logging Service...
         Starting OpenBSD Secure Shell server...
         Starting LSB: Record successful boot for GRUB...
[[0;32m  OK  [0m] Started D-Bus System Message Bus.
[[0;32m  OK  [0m] Started Login Service.
         Starting Accounts Service...
         Starting Virtualbox guest utils...
[[0;32m  OK  [0m] Started FUSE filesystem for LXC.
[[0;32m  OK  [0m] Started Unattended Upgrades Shutdown.
         Starting Snap Daemon...
[[0;32m  OK  [0m] Started System Logging Service.
[[0;32m  OK  [0m] Started Availability of block devices.
[[0;32m  OK  [0m] Mounted /vagrant.
[[0;32m  OK  [0m] Started LXD - container startup/shutdown.
         Starting Hostname Service...
[[0;32m  OK  [0m] Reached target Remote File Systems.
         Starting LSB: automatic crash report generation...
         Starting Permit User Sessions...
[[0;32m  OK  [0m] Started Permit User Sessions.
         Starting Hold until boot process finishes up...
         Starting Terminate Plymouth Boot Screen...
         Starting Authorization Manager...
[[0;32m  OK  [0m] Started OpenBSD Secure Shell server.
[[0;32m  OK  [0m] Started Hold until boot process finishes up.
         Starting Set console scheme...
[[0;32m  OK  [0m] Started Serial Getty on ttyS0.
[[0;32m  OK  [0m] Started Terminate Plymouth Boot Screen.
[[0;32m  OK  [0m] Started LSB: Record successful boot for GRUB.
[[0;32m  OK  [0m] Started Set console scheme.
[[0;32m  OK  [0m] Created slice system-getty.slice.
[[0;32m  OK  [0m] Started Getty on tty1.
[[0;32m  OK  [0m] Reached target Login Prompts.
[[0;32m  OK  [0m] Started Virtualbox guest utils.
[[0;32m  OK  [0m] Started Hostname Service.
[[0;32m  OK  [0m] Started Authorization Manager.
[[0;32m  OK  [0m] Started Accounts Service.
[[0;32m  OK  [0m] Started LSB: automatic crash report generation.
[[0;32m  OK  [0m] Started Dispatcher daemon for systemd-networkd.
[[0;32m  OK  [0m] Created slice User Slice of vagrant.
         Starting User Manager for UID 1000...
[[0;32m  OK  [0m] Started Session 1 of user vagrant.
[[0;32m  OK  [0m] Started User Manager for UID 1000.
[[0;32m  OK  [0m] Started Snap Daemon.
         Starting Wait until snapd is fully seeded...
         Starting Time & Date Service...
[[0;32m  OK  [0m] Started Time & Date Service.
[[0;32m  OK  [0m] Started Wait until snapd is fully seeded.
         Starting Apply the settings specified in cloud-config...
[   14.996559] cloud-init[1211]: Cloud-init v. 23.1.2-0ubuntu0~18.04.1 running 'modules:config' at Sat, 22 Feb 2025 04:55:13 +0000. Up 14.92 seconds.
[[0;32m  OK  [0m] Started Apply the settings specified in cloud-config.
[[0;32m  OK  [0m] Reached target Multi-User System.
[[0;32m  OK  [0m] Reached target Graphical Interface.
         Starting Update UTMP about System Runlevel Changes...
         Starting Execute cloud user/final scripts...
[[0;32m  OK  [0m] Started Update UTMP about System Runlevel Changes.
[   15.451069] cloud-init[1325]: Cloud-init v. 23.1.2-0ubuntu0~18.04.1 running 'modules:final' at Sat, 22 Feb 2025 04:55:13 +0000. Up 15.34 seconds.
[   15.452703] cloud-init[1325]: Cloud-init v. 23.1.2-0ubuntu0~18.04.1 finished at Sat, 22 Feb 2025 04:55:14 +0000. Datasource DataSourceNoCloud [seed=/dev/sdb][dsmode=net].  Up 15.44 seconds
[[0;32m  OK  [0m] Started Execute cloud user/final scripts.
[[0;32m  OK  [0m] Reached target Cloud-init target.
[[0;32m  OK  [0m] Started Message of the Day.

Ubuntu 18.04.6 LTS web03 ttyS0

web03 login: [[0;32m  OK  [0m] Closed Load/Save RF Kill Switch Status /dev/rfkill Watch.
[[0;32m  OK  [0m] Stopped target Timers.
[[0;32m  OK  [0m] Stopped Daily apt upgrade and clean activities.
[[0;32m  OK  [0m] Stopped target Cloud-init target.
[[0;32m  OK  [0m] Stopped Execute cloud user/final scripts.
         Stopping Session 43 of user vagrant.
[[0;32m  OK  [0m] Stopped Discard unused blocks once a week.
[[0;32m  OK  [0m] Stopped Apply the settings specified in cloud-config.
         Stopping Authorization Manager...
[[0;32m  OK  [0m] Stopped Message of the Day.
[[0;32m  OK  [0m] Stopped Daily apt download activities.
[[0;32m  OK  [0m] Stopped target System Time Synchronized.
[[0;32m  OK  [0m] Stopped target Cloud-config availability.
[[0;32m  OK  [0m] Stopped Ubuntu Advantage Timer for running repeated jobs.
         Stopping Availability of block devices...
         Stopping User Manager for UID 1000...
[[0;32m  OK  [0m] Stopped Daily Cleanup of Temporary Directories.
[[0;32m  OK  [0m] Stopped target Graphical Interface.
         Stopping Accounts Service...
[[0;32m  OK  [0m] Stopped target Multi-User System.
         Stopping System Logging Service...
         Stopping Regular background program processing daemon...
         Stopping FUSE filesystem for LXC...
         Stopping LXD - container startup/shutdown...
         Stopping LSB: automatic crash report generation...
         Stopping Dispatcher daemon for systemd-networkd...
         Stopping OpenBSD Secure Shell server...
         Stopping Deferred execution scheduler...
         Stopping LSB: Record successful boot for GRUB...
         Stopping D-Bus System Message Bus...
[[0;32m  OK  [0m] Stopped target Login Prompts.
[[0;32m  OK  [0m] Stopped Wait until snapd is fully seeded.
         Stopping Virtualbox guest utils...
         Stopping Serial Getty on ttyS0...
         Stopping The Apache HTTP Server...
         Stopping Getty on tty1...
         Stopping irqbalance daemon...
[[0;32m  OK  [0m] Unmounted /var/lib/lxcfs.
[[0;32m  OK  [0m] Stopped Regular background program processing daemon.
[[0;32m  OK  [0m] Stopped irqbalance daemon.
[[0;32m  OK  [0m] Stopped Dispatcher daemon for systemd-networkd.
[[0;32m  OK  [0m] Stopped Deferred execution scheduler.
[[0;32m  OK  [0m] Stopped System Logging Service.
[[0;32m  OK  [0m] Stopped Accounts Service.
[[0;32m  OK  [0m] Stopped Authorization Manager.
[[0;32m  OK  [0m] Stopped Serial Getty on ttyS0.
[[0;32m  OK  [0m] Stopped Getty on tty1.
[[0;32m  OK  [0m] Stopped OpenBSD Secure Shell server.
[[0;32m  OK  [0m] Stopped User Manager for UID 1000.
[[0;32m  OK  [0m] Stopped D-Bus System Message Bus.
[[0;32m  OK  [0m] Stopped Session 43 of user vagrant.
[[0;32m  OK  [0m] Stopped Availability of block devices.
[[0;32m  OK  [0m] Stopped FUSE filesystem for LXC.
[[0;32m  OK  [0m] Stopped LXD - container startup/shutdown.
[[0;32m  OK  [0m] Stopped The Apache HTTP Server.
[[0;32m  OK  [0m] Stopped LSB: Record successful boot for GRUB.
[[0;32m  OK  [0m] Stopped target Host and Network Name Lookups.
[[0;32m  OK  [0m] Removed slice User Slice of vagrant.
         Stopping Login Service...
[[0;32m  OK  [0m] Removed slice system-getty.slice.
[[0;32m  OK  [0m] Stopped target Login Prompts (Pre).
[[0;32m  OK  [0m] Removed slice system-serial\x2dgetty.slice.
         Stopping Permit User Sessions...
[[0;32m  OK  [0m] Stopped LSB: automatic crash report generation.
[[0;32m  OK  [0m] Stopped Virtualbox guest utils.
[[0;32m  OK  [0m] Stopped Permit User Sessions.
[[0;32m  OK  [0m] Stopped target Remote File Systems.
         Unmounting /vagrant...
[[0;32m  OK  [0m] Unmounted /vagrant.
[[0;32m  OK  [0m] Stopped target Network is Online.
[[0;32m  OK  [0m] Stopped target Network.
         Stopping Network Name Resolution...
[[0;32m  OK  [0m] Stopped target Remote File Systems (Pre).
[[0;32m  OK  [0m] Stopped Login Service.
[[0;32m  OK  [0m] Stopped target Basic System.
[[0;32m  OK  [0m] Stopped target Paths.
[[0;32m  OK  [0m] Stopped ACPI Events Check.
[[0;32m  OK  [0m] Stopped target Slices.
[[0;32m  OK  [0m] Removed slice User and Session Slice.
[[0;32m  OK  [0m] Stopped target Sockets.
[[0;32m  OK  [0m] Closed Open-iSCSI iscsid Socket.
[[0;32m  OK  [0m] Closed cloud-init hotplug hook socket.
[[0;32m  OK  [0m] Closed Syslog Socket.
[[0;32m  OK  [0m] Closed ACPID Listen Socket.
[[0;32m  OK  [0m] Closed Socket activation for snappy daemon.
[[0;32m  OK  [0m] Closed LXD - unix socket.
[[0;32m  OK  [0m] Closed UUID daemon activation socket.
[[0;32m  OK  [0m] Closed D-Bus System Message Bus Socket.
[[0;32m  OK  [0m] Stopped target User and Group Name Lookups.
[[0;32m  OK  [0m] Stopped target System Initialization.
[[0;32m  OK  [0m] Stopped Initial cloud-init job (metadata service crawler).
         Stopping Load/Save Random Seed...
[[0;32m  OK  [0m] Stopped target Local Encrypted Volumes.
[[0;32m  OK  [0m] Stopped Dispatch Password Requests to Console Directory Watch.
[[0;32m  OK  [0m] Stopped Forward Password Requests to Wall Directory Watch.
         Stopping Update UTMP about System Boot/Shutdown...
[[0;32m  OK  [0m] Stopped Network Name Resolution.
[[0;32m  OK  [0m] Stopped Load/Save Random Seed.
         Stopping Network Service...
[[0;32m  OK  [0m] Stopped Update UTMP about System Boot/Shutdown.
[[0;32m  OK  [0m] Stopped Create Volatile Files and Directories.
[[0;32m  OK  [0m] Stopped target Local File Systems.
         Unmounting /run/user/1000...
[[0;32m  OK  [0m] Stopped target Mounted snaps.
[[0;32m  OK  [0m] Stopped target Mounting snaps.
[[0;32m  OK  [0m] Unmounted /run/user/1000.
[[0;32m  OK  [0m] Reached target Unmount All Filesystems.
[[0;32m  OK  [0m] Stopped target Swap.
[[0;32m  OK  [0m] Stopped target Local File Systems (Pre).
         Stopping Monitoring of LVM2 mirrors…ng dmeventd or progress polling...
[[0;32m  OK  [0m] Stopped Create Static Device Nodes in /dev.
[[0;32m  OK  [0m] Stopped Monitoring of LVM2 mirrors,…sing dmeventd or progress polling.
         Stopping LVM2 metadata daemon...
[[0;32m  OK  [0m] Stopped LVM2 metadata daemon.
[[0;32m  OK  [0m] Stopped Network Service.
[[0;32m  OK  [0m] Stopped target Network (Pre).
[[0;32m  OK  [0m] Stopped Initial cloud-init job (pre-networking).
[[0;32m  OK  [0m] Stopped Remount Root and Kernel File Systems.
[[0;32m  OK  [0m] Stopped Apply Kernel Variables.
[[0;32m  OK  [0m] Stopped Load Kernel Modules.
[[0;32m  OK  [0m] Reached target Shutdown.
[[0;32m  OK  [0m] Reached target Final Step.
         Starting Power-Off...
[11830.409253] reboot: Power down
